<?xml version="1.0" encoding="UTF-8"?>
<testsuite xmlns:xsi="http://www.w3.org/2001/XMLSchema-instance" xsi:noNamespaceSchemaLocation="https://maven.apache.org/surefire/maven-surefire-plugin/xsd/surefire-test-report-3.0.xsd" version="3.0" name="TestSuite" time="16.718" tests="1" errors="0" skipped="0" failures="0">
  <properties>
[...]
</properties>
  <testcase name="ListOfSearchResults" classname="web.amazonwebtest.challenge001" time="10.854">
    <system-out><![CDATA[I am in onStart method challenge001
I am in onTestStart method ListOfSearchResults start
Total No of rows are : 26
Sponsored
AILIHEN C8 Wired Headphones with Microphone and Volume Control Folding Lightweight Headset for Cellphones Tablets Chromebook Smartphones Laptop Computer PC Mp3/4 (Black/Blue)
14,647
$21
98
Extra 15% off with coupon
Ships to Argentina
BestGot Kids Headphones for Kids Boys Adult with Microphone in-line Volume Foldable Headset with 3.5mm Plug Removable Cord (Wired Black/Blue)
4,713
$17
99
Save $5.00 with coupon
Ships to Argentina
More Buying Choices
$9.38 (5 used & new offers)
SONY WH-1000XM3 Wireless Noise canceling Stereo Headset(International Version/Seller Warrant) (Black)
3,520
$235
27
Ships to Argentina
Only 1 left in stock - order soon.
More Buying Choices
$168.98 (29 used & new offers)
Beats Solo3 Wireless On-Ear Headphones - Apple W1 Headphone Chip, Class 1 Bluetooth, 40 Hours Of Listening Time - Black (Latest Model)
7,400
$179
99
$199.95
More Buying Choices
$114.95 (9 used & new offers)
Sponsored
COWIN E7 Active Noise Cancelling Headphones Bluetooth Headphones with Microphone Deep Bass Wireless Headphones Over Ear, Comfortable Protein Earpads, 30 Hours Playtime for Travel/Work, Black
50,663
$59
99
Save $10.00 with coupon
Bose SoundLink around-ear wireless headphones II- White
14,635
$159
00
$229.00
More Buying Choices
$135.27 (24 used & new offers)
Bose QuietComfort 35 II Wireless Bluetooth Headphones, Noise-Cancelling, with Alexa Voice Control - Rose Gold
4,334
$199
99
$349.00
More Buying Choices
$199.00 (6 used & new offers)
Amazon Certified: Alexa Built-in
Sony ZX Series Wired On-Ear Headphones, White (MDRZX110/WHI)
31,951
Ships to Argentina
Sony WI1000X Premium Noise Cancelling Wireless Behind-Neck In Ear Headphones (International version/seller warranty) (Black)
148
$148
00
Only 1 left in stock - order soon.
More Buying Choices
$103.83 (5 used & new offers)
Classroom Headphones-Bulk 10-Pack, Student On Ear Color Varieties- Comfy Swivel Earphones for Library, School, Airplane, Kids-for Online Learning and Travel-Noise Reducing, HQ Stereo Sound 3.5mm Jack
581
$69
99
$74.99
Ships to Argentina
More Buying Choices
$12.91 (4 used & new offers)
Sponsored
2 Pack Earphones with Microphone Volume Control, Wired Earbuds Headphones Headsets Noise Isolating Deep Bass 3.5mm Plug Compatible with Most Smartphones.Tablets.Laptops(White 2pack)
761
$7
59
Ships to Argentina
Sponsored
Marshall Major III Bluetooth Wireless On-Ear Headphone, Brown
4,804
$149
99
Ships to Argentina
Only 2 left in stock - order soon.
Bose SoundSport, Wireless Earbuds, (Sweatproof Bluetooth Headphones for Running and Sports), Black
22,003
$89
00
$129.00
More Buying Choices
$69.95 (22 used & new offers)
TOZO T6 True Wireless Earbuds Bluetooth Headphones Touch Control with Wireless Charging Case IPX8 Waterproof TWS Stereo Earphones in-Ear Built-in Mic Headset Premium Deep Bass for Sport (Green)
48,925
$39
98
Save 10% with coupon
Ships to Argentina
Edelin Bluetooth Headphones - Wireless Earbuds with Mic HD Stereo Noise Cancelling Waterproof IPX7 for Sport Running Gym - Earphones Compatible iPhone 8 X Samsung Galaxy S9 Android iOS - Headset
888
$29
99
Ships to Argentina
The Lover's Heart (Brotherhood Series Book 4)
by Vivian Rose Lee | Aug 24, 2017
87
Kindle
$3
25
Available instantly
Panasonic Lightweight Foldable Headphones with Microphone, Call Controller and 3.9 ft Audio Cord Compatible with iPhone, BlackBerry, Android - RP-HF100M-K - On-Ear Headphones (Black)
2,420
$14
99
Ships to Argentina
More Buying Choices
$7.50 (3 used & new offers)
COWIN E7 PRO [Upgraded] Active Noise Cancelling Headphones Bluetooth Headphones with Microphone/Deep Bass Wireless Headphones Over Ear 30H Playtime for Travel/Work/TV/Computer/Cellphone - Black
19,768
$79
99
$89.99
Ships to Argentina
Only 1 left in stock - order soon.
More Buying Choices
$59.99 (7 used & new offers)
Audio-Technica ATH-CLR100iSLG SonicFuel In-Ear Headphones with In-Line Microphone & Control, Lime Green
743
$14
95
Ships to Argentina
Only 13 left in stock (more on the way).
noot products NP11 Wireless Bluetooth in-Ear Headphones with Mic, Volume & Remote Control IPX7 Sweatproof Earbuds for Sports, Running, Gym (Royal Blue)
3,228
$9
99
$19.99
Ships to Argentina
Sponsored
JBL Under Armour Sport Wireless Train – On-Ear Bluetooth Headphones with Microphone made for Sport. Wireless Headset with IPX4 Sweatproof, works with Android and Apple iOS (Black/Gray)
514
$129
99
$199.95
Ships to Argentina
Sponsored
True Wireless Earbuds, Bluetooth 5.0 Wireless Headphones APTX Deep Bass Stereo HiFi Sound Noise Cancelling Sweatproof TWS Bluetooth Earbuds, CVC8.0 Built-in Mic Wireless Earphones with Qi Charging Box
1,259
$79
98
Ships to Argentina
←Previous
1
2
3
...
20
Next→
Need help?
Visit the help section or contact us
Sponsored
]]></system-out>
    <system-err><![CDATA[SLF4J: Failed to load class "org.slf4j.impl.StaticLoggerBinder".
SLF4J: Defaulting to no-operation (NOP) logger implementation
SLF4J: See http://www.slf4j.org/codes.html#StaticLoggerBinder for further details.
Starting ChromeDriver 86.0.4240.22 (398b0743353ff36fb1b82468f63a3a93b4e2e89e-refs/branch-heads/4240@{#378}) on port 47250
Only local connections are allowed.
Please see https://chromedriver.chromium.org/security-considerations for suggestions on keeping ChromeDriver safe.
ChromeDriver was started successfully.
nov. 05, 2020 4:23:56 P. M. org.openqa.selenium.remote.ProtocolHandshake createSession
INFO: Detected dialect: W3C
]]></system-err>
  </testcase>
</testsuite>